<?xml version="1.0" encoding="UTF-8"?>
<!-- Generated by org.testng.reporters.JUnitReportReporter -->
<testsuite skipped="0" hostname="Olega" name="com.eis.conspect.java.testing.testng.example1.FirstTestClass" tests="1" failures="0" timestamp="21 июл 2018 08:34:06 GMT" time="0.006" errors="0">
  <testcase name="secondTest1" time="0.006" classname="com.eis.conspect.java.testing.testng.example1.FirstTestClass"/>
</testsuite> <!-- com.eis.conspect.java.testing.testng.example1.FirstTestClass -->
