<?xml version="1.0" encoding="UTF-8"?>
<!-- Generated by org.testng.reporters.JUnitReportReporter -->
<testsuite skipped="0" hostname="Olega" name="com.eis.conspect.java.testing.testng.example1.SecondTestClass" tests="1" failures="0" timestamp="21 июл 2018 08:34:06 GMT" time="0.000" errors="0">
  <testcase name="firstTest2" time="0.000" classname="com.eis.conspect.java.testing.testng.example1.SecondTestClass"/>
</testsuite> <!-- com.eis.conspect.java.testing.testng.example1.SecondTestClass -->
